TN:
SF:backend\src\app.js
FNF:0
FNH:0
LF:0
LH:0
BRF:0
BRH:0
end_of_record
TN:
SF:backend\src\controllers\weatherController.js
FN:5,getCurrent
FN:18,getForecast
FN:31,getAlerts
FNF:3
FNH:2
FNDA:1,getCurrent
FNDA:1,getForecast
FNDA:0,getAlerts
DA:1,1
DA:2,1
DA:6,1
DA:7,1
DA:8,1
DA:10,1
DA:11,1
DA:13,0
DA:19,1
DA:20,1
DA:21,1
DA:23,1
DA:24,1
DA:26,0
DA:32,0
DA:33,0
DA:34,0
DA:37,0
DA:42,0
DA:43,0
DA:45,0
DA:49,1
LF:22
LH:13
BRDA:7,0,0,1
BRDA:7,0,1,0
BRDA:8,1,0,1
BRDA:8,1,1,0
BRDA:20,2,0,1
BRDA:20,2,1,0
BRDA:21,3,0,1
BRDA:21,3,1,0
BRDA:33,4,0,0
BRDA:33,4,1,0
BRDA:34,5,0,0
BRDA:34,5,1,0
BRF:12
BRH:4
end_of_record
TN:
SF:backend\src\routes\weatherRoutes.js
FNF:0
FNH:0
DA:1,1
DA:2,1
DA:4,1
DA:7,1
DA:10,1
DA:13,1
DA:15,1
LF:7
LH:7
BRF:0
BRH:0
end_of_record
TN:
SF:backend\src\services\alertService.js
FN:2,generateAlerts
FN:81,(anonymous_1)
FNF:2
FNH:2
FNDA:15,generateAlerts
FNDA:2,(anonymous_1)
DA:3,15
DA:6,15
DA:9,15
DA:10,3
DA:16,15
DA:17,3
DA:24,15
DA:25,1
DA:33,15
DA:34,2
DA:40,15
DA:41,0
DA:48,15
DA:49,0
DA:57,15
DA:58,0
DA:64,15
DA:65,0
DA:71,15
DA:72,3
DA:80,14
DA:81,14
DA:82,2
DA:83,2
DA:92,14
DA:95,3
LF:26
LH:22
BRDA:9,0,0,3
BRDA:9,0,1,12
BRDA:9,1,0,15
BRDA:9,1,1,12
BRDA:12,2,0,3
BRDA:12,2,1,0
BRDA:16,3,0,3
BRDA:16,3,1,12
BRDA:24,4,0,1
BRDA:24,4,1,14
BRDA:33,5,0,2
BRDA:33,5,1,13
BRDA:33,6,0,15
BRDA:33,6,1,5
BRDA:33,6,2,13
BRDA:33,6,3,13
BRDA:40,7,0,0
BRDA:40,7,1,15
BRDA:40,8,0,15
BRDA:40,8,1,3
BRDA:48,9,0,0
BRDA:48,9,1,15
BRDA:48,10,0,15
BRDA:48,10,1,1
BRDA:57,11,0,0
BRDA:57,11,1,15
BRDA:57,12,0,15
BRDA:57,12,1,5
BRDA:64,13,0,0
BRDA:64,13,1,15
BRDA:64,14,0,15
BRDA:64,14,1,3
BRDA:71,15,0,3
BRDA:71,15,1,11
BRDA:80,16,0,14
BRDA:80,16,1,0
BRDA:80,17,0,14
BRDA:80,17,1,14
BRDA:82,18,0,2
BRDA:82,18,1,0
BRF:40
BRH:33
end_of_record
TN:
SF:backend\src\services\weatherService.js
FN:8,mapWeatherCode
FN:36,getCurrentWeather
FN:64,getForecast24h
FN:74,(anonymous_3)
FNF:4
FNH:4
FNDA:32,mapWeatherCode
FNDA:7,getCurrentWeather
FNDA:7,getForecast24h
FNDA:28,(anonymous_3)
DA:1,3
DA:4,3
DA:5,3
DA:9,32
DA:32,32
DA:37,7
DA:38,7
DA:39,7
DA:40,5
DA:42,5
DA:43,1
DA:46,4
DA:48,4
DA:59,3
DA:65,7
DA:66,7
DA:67,7
DA:68,5
DA:70,5
DA:71,2
DA:74,3
DA:75,28
DA:76,28
DA:85,3
DA:91,4
DA:95,3
LF:26
LH:26
BRDA:32,0,0,32
BRDA:32,0,1,0
BRDA:36,1,0,0
BRDA:36,2,0,0
BRDA:42,3,0,1
BRDA:42,3,1,4
BRDA:64,4,0,0
BRDA:64,5,0,0
BRDA:70,6,0,2
BRDA:70,6,1,3
BRDA:70,7,0,5
BRDA:70,7,1,4
BRF:12
BRH:7
end_of_record
